running egg_info
writing ../../build/classification_inference/classification_inference.egg-info/PKG-INFO
writing dependency_links to ../../build/classification_inference/classification_inference.egg-info/dependency_links.txt
writing entry points to ../../build/classification_inference/classification_inference.egg-info/entry_points.txt
writing requirements to ../../build/classification_inference/classification_inference.egg-info/requires.txt
writing top-level names to ../../build/classification_inference/classification_inference.egg-info/top_level.txt
reading manifest file '../../build/classification_inference/classification_inference.egg-info/SOURCES.txt'
writing manifest file '../../build/classification_inference/classification_inference.egg-info/SOURCES.txt'
running build
running build_py
copying classification_inference/classification_inference.py -> /workspaces/src/ros2_ws/build/classification_inference/build/lib/classification_inference
running install
running install_lib
copying /workspaces/src/ros2_ws/build/classification_inference/build/lib/classification_inference/classification_inference.py -> /workspaces/src/ros2_ws/install/classification_inference/lib/python3.10/site-packages/classification_inference
byte-compiling /workspaces/src/ros2_ws/install/classification_inference/lib/python3.10/site-packages/classification_inference/classification_inference.py to classification_inference.cpython-310.pyc
running install_data
running install_egg_info
removing '/workspaces/src/ros2_ws/install/classification_inference/lib/python3.10/site-packages/classification_inference-0.0.0-py3.10.egg-info' (and everything under it)
Copying ../../build/classification_inference/classification_inference.egg-info to /workspaces/src/ros2_ws/install/classification_inference/lib/python3.10/site-packages/classification_inference-0.0.0-py3.10.egg-info
running install_scripts
Installing classification_inference script to /workspaces/src/ros2_ws/install/classification_inference/lib/classification_inference
writing list of installed files to '/workspaces/src/ros2_ws/build/classification_inference/install.log'
