[0.812s] Invoking command in '/workspaces/src/ros2_ws/src/classification_inference': PYTHONPATH=/workspaces/src/ros2_ws/build/classification_inference/prefix_override:/workspaces/src/ros2_ws/install/classification_inference/lib/python3.10/site-packages:${PYTHONPATH} /usr/bin/python3 -W ignore:setup.py install is deprecated setup.py egg_info --egg-base ../../build/classification_inference build --build-base /workspaces/src/ros2_ws/build/classification_inference/build install --record /workspaces/src/ros2_ws/build/classification_inference/install.log --single-version-externally-managed install_data
[1.038s] running egg_info
[1.038s] creating ../../build/classification_inference/classification_inference.egg-info
[1.038s] writing ../../build/classification_inference/classification_inference.egg-info/PKG-INFO
[1.039s] writing dependency_links to ../../build/classification_inference/classification_inference.egg-info/dependency_links.txt
[1.039s] writing entry points to ../../build/classification_inference/classification_inference.egg-info/entry_points.txt
[1.039s] writing requirements to ../../build/classification_inference/classification_inference.egg-info/requires.txt
[1.039s] writing top-level names to ../../build/classification_inference/classification_inference.egg-info/top_level.txt
[1.039s] writing manifest file '../../build/classification_inference/classification_inference.egg-info/SOURCES.txt'
[1.040s] reading manifest file '../../build/classification_inference/classification_inference.egg-info/SOURCES.txt'
[1.041s] writing manifest file '../../build/classification_inference/classification_inference.egg-info/SOURCES.txt'
[1.041s] running build
[1.041s] running build_py
[1.041s] creating /workspaces/src/ros2_ws/build/classification_inference/build
[1.041s] creating /workspaces/src/ros2_ws/build/classification_inference/build/lib
[1.041s] creating /workspaces/src/ros2_ws/build/classification_inference/build/lib/classification_inference
[1.041s] copying classification_inference/__init__.py -> /workspaces/src/ros2_ws/build/classification_inference/build/lib/classification_inference
[1.042s] copying classification_inference/classification_inference.py -> /workspaces/src/ros2_ws/build/classification_inference/build/lib/classification_inference
[1.042s] running install
[1.042s] running install_lib
[1.042s] creating /workspaces/src/ros2_ws/install/classification_inference/lib/python3.10/site-packages/classification_inference
[1.042s] copying /workspaces/src/ros2_ws/build/classification_inference/build/lib/classification_inference/__init__.py -> /workspaces/src/ros2_ws/install/classification_inference/lib/python3.10/site-packages/classification_inference
[1.042s] copying /workspaces/src/ros2_ws/build/classification_inference/build/lib/classification_inference/classification_inference.py -> /workspaces/src/ros2_ws/install/classification_inference/lib/python3.10/site-packages/classification_inference
[1.042s] byte-compiling /workspaces/src/ros2_ws/install/classification_inference/lib/python3.10/site-packages/classification_inference/__init__.py to __init__.cpython-310.pyc
[1.042s] byte-compiling /workspaces/src/ros2_ws/install/classification_inference/lib/python3.10/site-packages/classification_inference/classification_inference.py to classification_inference.cpython-310.pyc
[1.044s] running install_data
[1.044s] creating /workspaces/src/ros2_ws/install/classification_inference/share/ament_index
[1.044s] creating /workspaces/src/ros2_ws/install/classification_inference/share/ament_index/resource_index
[1.044s] creating /workspaces/src/ros2_ws/install/classification_inference/share/ament_index/resource_index/packages
[1.044s] copying resource/classification_inference -> /workspaces/src/ros2_ws/install/classification_inference/share/ament_index/resource_index/packages
[1.045s] copying package.xml -> /workspaces/src/ros2_ws/install/classification_inference/share/classification_inference
[1.045s] running install_egg_info
[1.045s] Copying ../../build/classification_inference/classification_inference.egg-info to /workspaces/src/ros2_ws/install/classification_inference/lib/python3.10/site-packages/classification_inference-0.0.0-py3.10.egg-info
[1.046s] running install_scripts
[1.061s] Installing classification_inference script to /workspaces/src/ros2_ws/install/classification_inference/lib/classification_inference
[1.061s] writing list of installed files to '/workspaces/src/ros2_ws/build/classification_inference/install.log'
[1.080s] Invoked command in '/workspaces/src/ros2_ws/src/classification_inference' returned '0': PYTHONPATH=/workspaces/src/ros2_ws/build/classification_inference/prefix_override:/workspaces/src/ros2_ws/install/classification_inference/lib/python3.10/site-packages:${PYTHONPATH} /usr/bin/python3 -W ignore:setup.py install is deprecated setup.py egg_info --egg-base ../../build/classification_inference build --build-base /workspaces/src/ros2_ws/build/classification_inference/build install --record /workspaces/src/ros2_ws/build/classification_inference/install.log --single-version-externally-managed install_data
