[0.825s] Invoking command in '/workspaces/src/ros2_ws/src/my_package': PYTHONPATH=/workspaces/src/ros2_ws/build/my_package/prefix_override:/workspaces/src/ros2_ws/install/my_package/lib/python3.10/site-packages:${PYTHONPATH} /usr/bin/python3 -W ignore:setup.py install is deprecated setup.py egg_info --egg-base ../../build/my_package build --build-base /workspaces/src/ros2_ws/build/my_package/build install --record /workspaces/src/ros2_ws/build/my_package/install.log --single-version-externally-managed install_data
[1.058s] running egg_info
[1.058s] writing ../../build/my_package/my_package.egg-info/PKG-INFO
[1.058s] writing dependency_links to ../../build/my_package/my_package.egg-info/dependency_links.txt
[1.058s] writing entry points to ../../build/my_package/my_package.egg-info/entry_points.txt
[1.058s] writing requirements to ../../build/my_package/my_package.egg-info/requires.txt
[1.058s] writing top-level names to ../../build/my_package/my_package.egg-info/top_level.txt
[1.060s] reading manifest file '../../build/my_package/my_package.egg-info/SOURCES.txt'
[1.060s] adding license file 'LICENSE'
[1.060s] writing manifest file '../../build/my_package/my_package.egg-info/SOURCES.txt'
[1.061s] running build
[1.061s] running build_py
[1.061s] running install
[1.061s] running install_lib
[1.062s] running install_data
[1.062s] running install_egg_info
[1.063s] removing '/workspaces/src/ros2_ws/install/my_package/lib/python3.10/site-packages/my_package-0.0.0-py3.10.egg-info' (and everything under it)
[1.063s] Copying ../../build/my_package/my_package.egg-info to /workspaces/src/ros2_ws/install/my_package/lib/python3.10/site-packages/my_package-0.0.0-py3.10.egg-info
[1.064s] running install_scripts
[1.079s] Installing listener script to /workspaces/src/ros2_ws/install/my_package/lib/my_package
[1.079s] Installing talker script to /workspaces/src/ros2_ws/install/my_package/lib/my_package
[1.079s] writing list of installed files to '/workspaces/src/ros2_ws/build/my_package/install.log'
[1.094s] Invoked command in '/workspaces/src/ros2_ws/src/my_package' returned '0': PYTHONPATH=/workspaces/src/ros2_ws/build/my_package/prefix_override:/workspaces/src/ros2_ws/install/my_package/lib/python3.10/site-packages:${PYTHONPATH} /usr/bin/python3 -W ignore:setup.py install is deprecated setup.py egg_info --egg-base ../../build/my_package build --build-base /workspaces/src/ros2_ws/build/my_package/build install --record /workspaces/src/ros2_ws/build/my_package/install.log --single-version-externally-managed install_data
