[0.584s] Invoking command in '/workspaces/src/ros2_ws/src/my_package': PYTHONPATH=/workspaces/src/ros2_ws/build/my_package/prefix_override:/workspaces/src/ros2_ws/install/my_package/lib/python3.10/site-packages:${PYTHONPATH} /usr/bin/python3 -W ignore:setup.py install is deprecated setup.py egg_info --egg-base ../../build/my_package build --build-base /workspaces/src/ros2_ws/build/my_package/build install --record /workspaces/src/ros2_ws/build/my_package/install.log --single-version-externally-managed install_data
[0.807s] running egg_info
[0.807s] creating ../../build/my_package/my_package.egg-info
[0.807s] writing ../../build/my_package/my_package.egg-info/PKG-INFO
[0.807s] writing dependency_links to ../../build/my_package/my_package.egg-info/dependency_links.txt
[0.807s] writing entry points to ../../build/my_package/my_package.egg-info/entry_points.txt
[0.808s] writing requirements to ../../build/my_package/my_package.egg-info/requires.txt
[0.808s] writing top-level names to ../../build/my_package/my_package.egg-info/top_level.txt
[0.808s] writing manifest file '../../build/my_package/my_package.egg-info/SOURCES.txt'
[0.809s] reading manifest file '../../build/my_package/my_package.egg-info/SOURCES.txt'
[0.809s] adding license file 'LICENSE'
[0.809s] writing manifest file '../../build/my_package/my_package.egg-info/SOURCES.txt'
[0.809s] running build
[0.810s] running build_py
[0.810s] creating /workspaces/src/ros2_ws/build/my_package/build
[0.810s] creating /workspaces/src/ros2_ws/build/my_package/build/lib
[0.810s] creating /workspaces/src/ros2_ws/build/my_package/build/lib/my_package
[0.810s] copying my_package/__init__.py -> /workspaces/src/ros2_ws/build/my_package/build/lib/my_package
[0.810s] copying my_package/my_node.py -> /workspaces/src/ros2_ws/build/my_package/build/lib/my_package
[0.810s] running install
[0.810s] running install_lib
[0.811s] creating /workspaces/src/ros2_ws/install/my_package/lib/python3.10/site-packages/my_package
[0.811s] copying /workspaces/src/ros2_ws/build/my_package/build/lib/my_package/__init__.py -> /workspaces/src/ros2_ws/install/my_package/lib/python3.10/site-packages/my_package
[0.811s] copying /workspaces/src/ros2_ws/build/my_package/build/lib/my_package/my_node.py -> /workspaces/src/ros2_ws/install/my_package/lib/python3.10/site-packages/my_package
[0.811s] byte-compiling /workspaces/src/ros2_ws/install/my_package/lib/python3.10/site-packages/my_package/__init__.py to __init__.cpython-310.pyc
[0.811s] byte-compiling /workspaces/src/ros2_ws/install/my_package/lib/python3.10/site-packages/my_package/my_node.py to my_node.cpython-310.pyc
[0.811s] running install_data
[0.812s] creating /workspaces/src/ros2_ws/install/my_package/share/ament_index
[0.812s] creating /workspaces/src/ros2_ws/install/my_package/share/ament_index/resource_index
[0.812s] creating /workspaces/src/ros2_ws/install/my_package/share/ament_index/resource_index/packages
[0.812s] copying resource/my_package -> /workspaces/src/ros2_ws/install/my_package/share/ament_index/resource_index/packages
[0.812s] copying package.xml -> /workspaces/src/ros2_ws/install/my_package/share/my_package
[0.812s] running install_egg_info
[0.813s] Copying ../../build/my_package/my_package.egg-info to /workspaces/src/ros2_ws/install/my_package/lib/python3.10/site-packages/my_package-0.0.0-py3.10.egg-info
[0.814s] running install_scripts
[0.829s] Installing my_node script to /workspaces/src/ros2_ws/install/my_package/lib/my_package
[0.829s] writing list of installed files to '/workspaces/src/ros2_ws/build/my_package/install.log'
[0.846s] Invoked command in '/workspaces/src/ros2_ws/src/my_package' returned '0': PYTHONPATH=/workspaces/src/ros2_ws/build/my_package/prefix_override:/workspaces/src/ros2_ws/install/my_package/lib/python3.10/site-packages:${PYTHONPATH} /usr/bin/python3 -W ignore:setup.py install is deprecated setup.py egg_info --egg-base ../../build/my_package build --build-base /workspaces/src/ros2_ws/build/my_package/build install --record /workspaces/src/ros2_ws/build/my_package/install.log --single-version-externally-managed install_data
