[0.560s] Invoking command in '/workspaces/src/ros2_ws/src/my_package': PYTHONPATH=/workspaces/src/ros2_ws/build/my_package/prefix_override:/workspaces/src/ros2_ws/install/my_package/lib/python3.10/site-packages:${PYTHONPATH} /usr/bin/python3 -W ignore:setup.py install is deprecated setup.py egg_info --egg-base ../../build/my_package build --build-base /workspaces/src/ros2_ws/build/my_package/build install --record /workspaces/src/ros2_ws/build/my_package/install.log --single-version-externally-managed install_data
[0.781s] running egg_info
[0.782s] writing ../../build/my_package/my_package.egg-info/PKG-INFO
[0.782s] writing dependency_links to ../../build/my_package/my_package.egg-info/dependency_links.txt
[0.782s] writing entry points to ../../build/my_package/my_package.egg-info/entry_points.txt
[0.782s] writing requirements to ../../build/my_package/my_package.egg-info/requires.txt
[0.782s] writing top-level names to ../../build/my_package/my_package.egg-info/top_level.txt
[0.783s] reading manifest file '../../build/my_package/my_package.egg-info/SOURCES.txt'
[0.784s] adding license file 'LICENSE'
[0.784s] writing manifest file '../../build/my_package/my_package.egg-info/SOURCES.txt'
[0.784s] running build
[0.784s] running build_py
[0.785s] copying my_package/publisher_member_function.py -> /workspaces/src/ros2_ws/build/my_package/build/lib/my_package
[0.785s] copying my_package/subscriber_member_function.py -> /workspaces/src/ros2_ws/build/my_package/build/lib/my_package
[0.785s] running install
[0.785s] running install_lib
[0.785s] copying /workspaces/src/ros2_ws/build/my_package/build/lib/my_package/publisher_member_function.py -> /workspaces/src/ros2_ws/install/my_package/lib/python3.10/site-packages/my_package
[0.785s] copying /workspaces/src/ros2_ws/build/my_package/build/lib/my_package/subscriber_member_function.py -> /workspaces/src/ros2_ws/install/my_package/lib/python3.10/site-packages/my_package
[0.786s] byte-compiling /workspaces/src/ros2_ws/install/my_package/lib/python3.10/site-packages/my_package/publisher_member_function.py to publisher_member_function.cpython-310.pyc
[0.786s] byte-compiling /workspaces/src/ros2_ws/install/my_package/lib/python3.10/site-packages/my_package/subscriber_member_function.py to subscriber_member_function.cpython-310.pyc
[0.786s] running install_data
[0.786s] copying package.xml -> /workspaces/src/ros2_ws/install/my_package/share/my_package
[0.787s] running install_egg_info
[0.788s] removing '/workspaces/src/ros2_ws/install/my_package/lib/python3.10/site-packages/my_package-0.0.0-py3.10.egg-info' (and everything under it)
[0.788s] Copying ../../build/my_package/my_package.egg-info to /workspaces/src/ros2_ws/install/my_package/lib/python3.10/site-packages/my_package-0.0.0-py3.10.egg-info
[0.788s] running install_scripts
[0.805s] Installing listener script to /workspaces/src/ros2_ws/install/my_package/lib/my_package
[0.805s] Installing talker script to /workspaces/src/ros2_ws/install/my_package/lib/my_package
[0.805s] writing list of installed files to '/workspaces/src/ros2_ws/build/my_package/install.log'
[0.823s] Invoked command in '/workspaces/src/ros2_ws/src/my_package' returned '0': PYTHONPATH=/workspaces/src/ros2_ws/build/my_package/prefix_override:/workspaces/src/ros2_ws/install/my_package/lib/python3.10/site-packages:${PYTHONPATH} /usr/bin/python3 -W ignore:setup.py install is deprecated setup.py egg_info --egg-base ../../build/my_package build --build-base /workspaces/src/ros2_ws/build/my_package/build install --record /workspaces/src/ros2_ws/build/my_package/install.log --single-version-externally-managed install_data
